빌드 시작: 2015-10-02 오후 12:12:17
     1>2 노드의 "D:\source CODE\Visual Studio 2010\4_Shamir's_Secret_Sharing_Image_Multi\Image_Distribution_Coefficient_GF\Image_Distribution_Coefficient_GF\Image_Distribution_Coefficient_GF.vcxproj" 프로젝트(build 대상)입니다.
     1>InitializeBuildStatus:
         "AlwaysCreate"이(가) 지정되었기 때문에 "Debug\Image_Distribution_Coefficient_GF.unsuccessfulbuild"을(를) 만들고 있습니다.
       ClCompile:
         C:\Program Files\Microsoft Visual Studio 10.0\VC\bin\CL.exe /c /I"C:\Program Files\opencv\build\include" /ZI /nologo /W3 /WX- /Od /Oy- /D WIN32 /D _DEBUG /D _CONSOLE /D _UNICODE /D UNICODE /Gm /EHsc /RTC1 /MDd /GS /fp:precise /Zc:wchar_t /Zc:forScope /Fo"Debug\\" /Fd"Debug\vc100.pdb" /Gd /TP /analyze- /errorReport:prompt distributionMain.cpp
         distributionMain.cpp
     1>c:\program files\opencv\build\include\opencv2\flann\dist.h : warning C4819: 현재 코드 페이지(949)에서 표시할 수 없는 문자가 파일에 들어 있습니다. 데이터가 손실되지 않게 하려면 해당 파일을 유니코드 형식으로 저장하십시오.
     1>c:\program files\opencv\build\include\opencv2\flann\dist.h : warning C4819: 현재 코드 페이지(949)에서 표시할 수 없는 문자가 파일에 들어 있습니다. 데이터가 손실되지 않게 하려면 해당 파일을 유니코드 형식으로 저장하십시오.
     1>c:\program files\opencv\build\include\opencv2\flann\logger.h(66): warning C4996: 'fopen': This function or variable may be unsafe. Consider using fopen_s instead. To disable deprecation, use _CRT_SECURE_NO_WARNINGS. See online help for details.
                 c:\program files\microsoft visual studio 10.0\vc\include\stdio.h(234) : 'fopen' 선언을 참조하십시오.
     1>c:\program files\opencv\build\include\opencv2\flann\dist.h : warning C4819: 현재 코드 페이지(949)에서 표시할 수 없는 문자가 파일에 들어 있습니다. 데이터가 손실되지 않게 하려면 해당 파일을 유니코드 형식으로 저장하십시오.
     1>c:\program files\opencv\build\include\opencv2\flann\dist.h : warning C4819: 현재 코드 페이지(949)에서 표시할 수 없는 문자가 파일에 들어 있습니다. 데이터가 손실되지 않게 하려면 해당 파일을 유니코드 형식으로 저장하십시오.
       ManifestResourceCompile:
         모든 출력이 최신 상태입니다.
       Link:
         C:\Program Files\Microsoft Visual Studio 10.0\VC\bin\link.exe /ERRORREPORT:PROMPT /OUT:"D:\source CODE\Visual Studio 2010\4_Shamir's_Secret_Sharing_Image_Multi\Image_Distribution_Coefficient_GF\Debug\Image_Distribution_Coefficient_GF.exe" /INCREMENTAL /NOLOGO /LIBPATH:"C:\Program Files\opencv\build\x86\vc10\lib" opencv_core2410d.lib opencv_imgproc2410d.lib opencv_highgui2410d.lib opencv_ml2410d.lib opencv_video2410d.lib opencv_features2d2410d.lib opencv_calib3d2410d.lib kernel32.lib user32.lib gdi32.lib winspool.lib comdlg32.lib advapi32.lib shell32.lib ole32.lib oleaut32.lib uuid.lib odbc32.lib odbccp32.lib /MANIFEST /ManifestFile:"Debug\Image_Distribution_Coefficient_GF.exe.intermediate.manifest" /MANIFESTUAC:"level='asInvoker' uiAccess='false'" /DEBUG /PDB:"D:\source CODE\Visual Studio 2010\4_Shamir's_Secret_Sharing_Image_Multi\Image_Distribution_Coefficient_GF\Debug\Image_Distribution_Coefficient_GF.pdb" /SUBSYSTEM:CONSOLE /TLBID:1 /DYNAMICBASE /NXCOMPAT /IMPLIB:"D:\source CODE\Visual Studio 2010\4_Shamir's_Secret_Sharing_Image_Multi\Image_Distribution_Coefficient_GF\Debug\Image_Distribution_Coefficient_GF.lib" /MACHINE:X86 Debug\Image_Distribution_Coefficient_GF.exe.embed.manifest.res
         Debug\distributionMain.obj
         Debug\GFfunction.obj
         Debug\SScoefficient.obj
         Debug\stdafx.obj
       Manifest:
         C:\Program Files\Microsoft SDKs\Windows\v7.0A\bin\mt.exe /nologo /verbose /out:"Debug\Image_Distribution_Coefficient_GF.exe.embed.manifest" /manifest Debug\Image_Distribution_Coefficient_GF.exe.intermediate.manifest
         모든 출력이 최신 상태입니다.
       LinkEmbedManifest:
         모든 출력이 최신 상태입니다.
         Image_Distribution_Coefficient_GF.vcxproj -> D:\source CODE\Visual Studio 2010\4_Shamir's_Secret_Sharing_Image_Multi\Image_Distribution_Coefficient_GF\Debug\Image_Distribution_Coefficient_GF.exe
       FinalizeBuildStatus:
         "Debug\Image_Distribution_Coefficient_GF.unsuccessfulbuild" 파일을 삭제하고 있습니다.
         "Debug\Image_Distribution_Coefficient_GF.lastbuildstate"에 연결(touching)하고 있습니다.
     1>"D:\source CODE\Visual Studio 2010\4_Shamir's_Secret_Sharing_Image_Multi\Image_Distribution_Coefficient_GF\Image_Distribution_Coefficient_GF\Image_Distribution_Coefficient_GF.vcxproj" 프로젝트를 빌드했습니다(build 대상).

빌드했습니다.

경과 시간: 00:00:01.70
